--------------------
./configure --prefix=/usr --shared --uname=Linux
Thu Sep  7 07:22:46 UTC 2017
=== ztest25310.c ===
extern int getchar();
int hello() {return getchar();}
===
mips-openwrt-linux-musl-gcc -c ztest25310.c
cc1: note: someone does not honour COPTS correctly, passed 0 times
... using gcc

Checking for obsessive-compulsive compiler options...
=== ztest25310.c ===
int foo() { return 0; }
===
mips-openwrt-linux-musl-gcc -c -Os -pipe -mno-branch-likely -mips32r2 -mtune=24kc -fno-caller-saves -fno-plt -fhonour-copts -Wno-error=unused-but-set-variable -Wno-error=unused-result -msoft-float -mips16 -minterlink-mips16 -iremap /home/lede-build/source/build_dir/target-mips_24kc_musl-1.1.16/zlib-1.2.11:zlib-1.2.11 -Wformat -Werror=format-security -fstack-protector -D_FORTIFY_SOURCE=1 -Wl,-z,now -Wl,-z,relro -fpic ztest25310.c

Checking for shared library support...
=== ztest25310.c ===
extern int getchar();
int hello() {return getchar();}
===
mips-openwrt-linux-musl-gcc -w -c -Os -pipe -mno-branch-likely -mips32r2 -mtune=24kc -fno-caller-saves -fno-plt -fhonour-copts -Wno-error=unused-but-set-variable -Wno-error=unused-result -msoft-float -mips16 -minterlink-mips16 -iremap /home/lede-build/source/build_dir/target-mips_24kc_musl-1.1.16/zlib-1.2.11:zlib-1.2.11 -Wformat -Werror=format-security -fstack-protector -D_FORTIFY_SOURCE=1 -Wl,-z,now -Wl,-z,relro -fpic -fPIC ztest25310.c
mips-openwrt-linux-musl-gcc -shared -Wl,-soname,libz.so.1 -Os -pipe -mno-branch-likely -mips32r2 -mtune=24kc -fno-caller-saves -fno-plt -fhonour-copts -Wno-error=unused-but-set-variable -Wno-error=unused-result -msoft-float -mips16 -minterlink-mips16 -iremap /home/lede-build/source/build_dir/target-mips_24kc_musl-1.1.16/zlib-1.2.11:zlib-1.2.11 -Wformat -Werror=format-security -fstack-protector -D_FORTIFY_SOURCE=1 -Wl,-z,now -Wl,-z,relro -fpic -fPIC -o ztest25310.so ztest25310.o
Building shared library libz.so.1.2.11 with mips-openwrt-linux-musl-gcc.

=== ztest25310.c ===
#include <stdio.h>
#include <stdlib.h>
size_t dummy = 0;
===
mips-openwrt-linux-musl-gcc -c -Os -pipe -mno-branch-likely -mips32r2 -mtune=24kc -fno-caller-saves -fno-plt -fhonour-copts -Wno-error=unused-but-set-variable -Wno-error=unused-result -msoft-float -mips16 -minterlink-mips16 -iremap /home/lede-build/source/build_dir/target-mips_24kc_musl-1.1.16/zlib-1.2.11:zlib-1.2.11 -Wformat -Werror=format-security -fstack-protector -D_FORTIFY_SOURCE=1 -Wl,-z,now -Wl,-z,relro -fpic ztest25310.c
Checking for size_t... Yes.


=== ztest25310.c ===
#include <sys/types.h>
off64_t dummy = 0;
===
mips-openwrt-linux-musl-gcc -c -Os -pipe -mno-branch-likely -mips32r2 -mtune=24kc -fno-caller-saves -fno-plt -fhonour-copts -Wno-error=unused-but-set-variable -Wno-error=unused-result -msoft-float -mips16 -minterlink-mips16 -iremap /home/lede-build/source/build_dir/target-mips_24kc_musl-1.1.16/zlib-1.2.11:zlib-1.2.11 -Wformat -Werror=format-security -fstack-protector -D_FORTIFY_SOURCE=1 -Wl,-z,now -Wl,-z,relro -fpic -D_LARGEFILE64_SOURCE=1 ztest25310.c
Checking for off64_t... Yes.
Checking for fseeko... Yes.

=== ztest25310.c ===
#include <string.h>
#include <errno.h>
int main() { return strlen(strerror(errno)); }
===
mips-openwrt-linux-musl-gcc -Os -pipe -mno-branch-likely -mips32r2 -mtune=24kc -fno-caller-saves -fno-plt -fhonour-copts -Wno-error=unused-but-set-variable -Wno-error=unused-result -msoft-float -mips16 -minterlink-mips16 -iremap /home/lede-build/source/build_dir/target-mips_24kc_musl-1.1.16/zlib-1.2.11:zlib-1.2.11 -Wformat -Werror=format-security -fstack-protector -D_FORTIFY_SOURCE=1 -Wl,-z,now -Wl,-z,relro -fpic -D_LARGEFILE64_SOURCE=1 -o ztest25310 ztest25310.c
Checking for strerror... Yes.

=== ztest25310.c ===
#include <unistd.h>
int main() { return 0; }
===
mips-openwrt-linux-musl-gcc -c -Os -pipe -mno-branch-likely -mips32r2 -mtune=24kc -fno-caller-saves -fno-plt -fhonour-copts -Wno-error=unused-but-set-variable -Wno-error=unused-result -msoft-float -mips16 -minterlink-mips16 -iremap /home/lede-build/source/build_dir/target-mips_24kc_musl-1.1.16/zlib-1.2.11:zlib-1.2.11 -Wformat -Werror=format-security -fstack-protector -D_FORTIFY_SOURCE=1 -Wl,-z,now -Wl,-z,relro -fpic -D_LARGEFILE64_SOURCE=1 ztest25310.c
Checking for unistd.h... Yes.

=== ztest25310.c ===
#include <stdarg.h>
int main() { return 0; }
===
mips-openwrt-linux-musl-gcc -c -Os -pipe -mno-branch-likely -mips32r2 -mtune=24kc -fno-caller-saves -fno-plt -fhonour-copts -Wno-error=unused-but-set-variable -Wno-error=unused-result -msoft-float -mips16 -minterlink-mips16 -iremap /home/lede-build/source/build_dir/target-mips_24kc_musl-1.1.16/zlib-1.2.11:zlib-1.2.11 -Wformat -Werror=format-security -fstack-protector -D_FORTIFY_SOURCE=1 -Wl,-z,now -Wl,-z,relro -fpic -D_LARGEFILE64_SOURCE=1 ztest25310.c
Checking for stdarg.h... Yes.

=== ztest25310.c ===
#include <stdio.h>
#include <stdarg.h>
#include "zconf.h"
int main()
{
#ifndef STDC
  choke me
#endif
  return 0;
}
===
mips-openwrt-linux-musl-gcc -c -Os -pipe -mno-branch-likely -mips32r2 -mtune=24kc -fno-caller-saves -fno-plt -fhonour-copts -Wno-error=unused-but-set-variable -Wno-error=unused-result -msoft-float -mips16 -minterlink-mips16 -iremap /home/lede-build/source/build_dir/target-mips_24kc_musl-1.1.16/zlib-1.2.11:zlib-1.2.11 -Wformat -Werror=format-security -fstack-protector -D_FORTIFY_SOURCE=1 -Wl,-z,now -Wl,-z,relro -fpic -D_LARGEFILE64_SOURCE=1 ztest25310.c
Checking whether to use vs[n]printf() or s[n]printf()... using vs[n]printf().

=== ztest25310.c ===
#include <stdio.h>
#include <stdarg.h>
int mytest(const char *fmt, ...)
{
  char buf[20];
  va_list ap;
  va_start(ap, fmt);
  vsnprintf(buf, sizeof(buf), fmt, ap);
  va_end(ap);
  return 0;
}
int main()
{
  return (mytest("Hello%d\n", 1));
}
===
mips-openwrt-linux-musl-gcc -Os -pipe -mno-branch-likely -mips32r2 -mtune=24kc -fno-caller-saves -fno-plt -fhonour-copts -Wno-error=unused-but-set-variable -Wno-error=unused-result -msoft-float -mips16 -minterlink-mips16 -iremap /home/lede-build/source/build_dir/target-mips_24kc_musl-1.1.16/zlib-1.2.11:zlib-1.2.11 -Wformat -Werror=format-security -fstack-protector -D_FORTIFY_SOURCE=1 -Wl,-z,now -Wl,-z,relro -fpic -D_LARGEFILE64_SOURCE=1 -o ztest25310 ztest25310.c
Checking for vsnprintf() in stdio.h... Yes.

=== ztest25310.c ===
#include <stdio.h>
#include <stdarg.h>
int mytest(const char *fmt, ...)
{
  int n;
  char buf[20];
  va_list ap;
  va_start(ap, fmt);
  n = vsnprintf(buf, sizeof(buf), fmt, ap);
  va_end(ap);
  return n;
}
int main()
{
  return (mytest("Hello%d\n", 1));
}
===
mips-openwrt-linux-musl-gcc -c -Os -pipe -mno-branch-likely -mips32r2 -mtune=24kc -fno-caller-saves -fno-plt -fhonour-copts -Wno-error=unused-but-set-variable -Wno-error=unused-result -msoft-float -mips16 -minterlink-mips16 -iremap /home/lede-build/source/build_dir/target-mips_24kc_musl-1.1.16/zlib-1.2.11:zlib-1.2.11 -Wformat -Werror=format-security -fstack-protector -D_FORTIFY_SOURCE=1 -Wl,-z,now -Wl,-z,relro -fpic -D_LARGEFILE64_SOURCE=1 ztest25310.c
Checking for return value of vsnprintf()... Yes.

=== ztest25310.c ===
#define ZLIB_INTERNAL __attribute__((visibility ("hidden")))
int ZLIB_INTERNAL foo;
int main()
{
  return 0;
}
===
mips-openwrt-linux-musl-gcc -c -Os -pipe -mno-branch-likely -mips32r2 -mtune=24kc -fno-caller-saves -fno-plt -fhonour-copts -Wno-error=unused-but-set-variable -Wno-error=unused-result -msoft-float -mips16 -minterlink-mips16 -iremap /home/lede-build/source/build_dir/target-mips_24kc_musl-1.1.16/zlib-1.2.11:zlib-1.2.11 -Wformat -Werror=format-security -fstack-protector -D_FORTIFY_SOURCE=1 -Wl,-z,now -Wl,-z,relro -fpic -D_LARGEFILE64_SOURCE=1 ztest25310.c
Checking for attribute(visibility) support... Yes.

ALL = static shared all64
AR = mips-openwrt-linux-musl-gcc-ar
ARFLAGS = rc
CC = mips-openwrt-linux-musl-gcc
CFLAGS = -Os -pipe -mno-branch-likely -mips32r2 -mtune=24kc -fno-caller-saves -fno-plt -fhonour-copts -Wno-error=unused-but-set-variable -Wno-error=unused-result -msoft-float -mips16 -minterlink-mips16 -iremap /home/lede-build/source/build_dir/target-mips_24kc_musl-1.1.16/zlib-1.2.11:zlib-1.2.11 -Wformat -Werror=format-security -fstack-protector -D_FORTIFY_SOURCE=1 -Wl,-z,now -Wl,-z,relro -fpic -D_LARGEFILE64_SOURCE=1 -DHAVE_HIDDEN
CPP = mips-openwrt-linux-musl-gcc -E
EXE =
LDCONFIG = ldconfig
LDFLAGS =
LDSHARED = mips-openwrt-linux-musl-gcc -shared -Wl,-soname,libz.so.1
LDSHAREDLIBC = -lc
OBJC = $(OBJZ) $(OBJG)
PIC_OBJC = $(PIC_OBJZ) $(PIC_OBJG)
RANLIB = mips-openwrt-linux-musl-gcc-ranlib
SFLAGS = -Os -pipe -mno-branch-likely -mips32r2 -mtune=24kc -fno-caller-saves -fno-plt -fhonour-copts -Wno-error=unused-but-set-variable -Wno-error=unused-result -msoft-float -mips16 -minterlink-mips16 -iremap /home/lede-build/source/build_dir/target-mips_24kc_musl-1.1.16/zlib-1.2.11:zlib-1.2.11 -Wformat -Werror=format-security -fstack-protector -D_FORTIFY_SOURCE=1 -Wl,-z,now -Wl,-z,relro -fpic -fPIC -D_LARGEFILE64_SOURCE=1 -DHAVE_HIDDEN
SHAREDLIB = libz.so
SHAREDLIBM = libz.so.1
SHAREDLIBV = libz.so.1.2.11
STATICLIB = libz.a
TEST = all teststatic testshared test64
VER = 1.2.11
Z_U4 =
SRCDIR =
exec_prefix = ${prefix}
includedir = ${prefix}/include
libdir = ${exec_prefix}/lib
mandir = ${prefix}/share/man
prefix = /usr
sharedlibdir = ${libdir}
uname = Linux
--------------------


