The target system is: Linux - 1 - mips
The host system is: Linux - 4.8.0-2-amd64 - x86_64
Compiling the C compiler identification source file "CMakeCCompilerId.c" succeeded.
Compiler: /home/lede-build/source/staging_dir/toolchain-mips_24kc_gcc-5.4.0_musl-1.1.16/bin/mips-openwrt-linux-musl-gcc 
Build flags: -Os;-pipe;-mno-branch-likely;-mips32r2;-mtune=24kc;-fno-caller-saves;-fno-plt;-fhonour-copts;-Wno-error=unused-but-set-variable;-Wno-error=unused-result;-msoft-float;-mips16;-minterlink-mips16;-iremap;/home/lede-build/source/build_dir/target-mips_24kc_musl-1.1.16/firewall-2017-05-27-a4d98aea:firewall-2017-05-27-a4d98aea;-Wformat;-Werror=format-security;-fstack-protector;-D_FORTIFY_SOURCE=1;-Wl,-z,now;-Wl,-z,relro;-ffunction-sections;-fdata-sections;
Id flags: 

The output was:
0


Compilation of the C compiler identification source "CMakeCCompilerId.c" produced "a.out"

The C compiler identification is GNU, found in "/home/lede-build/source/build_dir/target-mips_24kc_musl-1.1.16/firewall-2017-05-27-a4d98aea/CMakeFiles/3.7.1/CompilerIdC/a.out"

Determining if the C compiler works passed with the following output:
Change Dir: /home/lede-build/source/build_dir/target-mips_24kc_musl-1.1.16/firewall-2017-05-27-a4d98aea/CMakeFiles/CMakeTmp

Run Build Command:"/usr/bin/make" "cmTC_4045b/fast"
make[4]: Entering directory '/home/lede-build/source/build_dir/target-mips_24kc_musl-1.1.16/firewall-2017-05-27-a4d98aea/CMakeFiles/CMakeTmp'
/usr/bin/make -f CMakeFiles/cmTC_4045b.dir/build.make CMakeFiles/cmTC_4045b.dir/build
make[5]: Entering directory '/home/lede-build/source/build_dir/target-mips_24kc_musl-1.1.16/firewall-2017-05-27-a4d98aea/CMakeFiles/CMakeTmp'
Building C object CMakeFiles/cmTC_4045b.dir/testCCompiler.c.o
/home/lede-build/source/staging_dir/toolchain-mips_24kc_gcc-5.4.0_musl-1.1.16/bin/mips-openwrt-linux-musl-gcc    -Os -pipe -mno-branch-likely -mips32r2 -mtune=24kc -fno-caller-saves -fno-plt -fhonour-copts -Wno-error=unused-but-set-variable -Wno-error=unused-result -msoft-float -mips16 -minterlink-mips16 -iremap /home/lede-build/source/build_dir/target-mips_24kc_musl-1.1.16/firewall-2017-05-27-a4d98aea:firewall-2017-05-27-a4d98aea -Wformat -Werror=format-security -fstack-protector -D_FORTIFY_SOURCE=1 -Wl,-z,now -Wl,-z,relro -ffunction-sections -fdata-sections    -o CMakeFiles/cmTC_4045b.dir/testCCompiler.c.o   -c /home/lede-build/source/build_dir/target-mips_24kc_musl-1.1.16/firewall-2017-05-27-a4d98aea/CMakeFiles/CMakeTmp/testCCompiler.c
Linking C executable cmTC_4045b
/home/lede-build/source/staging_dir/host/bin/cmake -E cmake_link_script CMakeFiles/cmTC_4045b.dir/link.txt --verbose=1
/home/lede-build/source/staging_dir/toolchain-mips_24kc_gcc-5.4.0_musl-1.1.16/bin/mips-openwrt-linux-musl-gcc  -Os -pipe -mno-branch-likely -mips32r2 -mtune=24kc -fno-caller-saves -fno-plt -fhonour-copts -Wno-error=unused-but-set-variable -Wno-error=unused-result -msoft-float -mips16 -minterlink-mips16 -iremap /home/lede-build/source/build_dir/target-mips_24kc_musl-1.1.16/firewall-2017-05-27-a4d98aea:firewall-2017-05-27-a4d98aea -Wformat -Werror=format-security -fstack-protector -D_FORTIFY_SOURCE=1 -Wl,-z,now -Wl,-z,relro -ffunction-sections -fdata-sections   -L/home/lede-build/source/staging_dir/target-mips_24kc_musl-1.1.16/usr/lib -L/home/lede-build/source/staging_dir/target-mips_24kc_musl-1.1.16/lib -L/home/lede-build/source/staging_dir/toolchain-mips_24kc_gcc-5.4.0_musl-1.1.16/usr/lib -L/home/lede-build/source/staging_dir/toolchain-mips_24kc_gcc-5.4.0_musl-1.1.16/lib -znow -zrelro -Wl,--gc-sections  CMakeFiles/cmTC_4045b.dir/testCCompiler.c.o  -o cmTC_4045b -rdynamic 
make[5]: Leaving directory '/home/lede-build/source/build_dir/target-mips_24kc_musl-1.1.16/firewall-2017-05-27-a4d98aea/CMakeFiles/CMakeTmp'
make[4]: Leaving directory '/home/lede-build/source/build_dir/target-mips_24kc_musl-1.1.16/firewall-2017-05-27-a4d98aea/CMakeFiles/CMakeTmp'


Detecting C compiler ABI info compiled with the following output:
Change Dir: /home/lede-build/source/build_dir/target-mips_24kc_musl-1.1.16/firewall-2017-05-27-a4d98aea/CMakeFiles/CMakeTmp

Run Build Command:"/usr/bin/make" "cmTC_56e57/fast"
make[4]: Entering directory '/home/lede-build/source/build_dir/target-mips_24kc_musl-1.1.16/firewall-2017-05-27-a4d98aea/CMakeFiles/CMakeTmp'
/usr/bin/make -f CMakeFiles/cmTC_56e57.dir/build.make CMakeFiles/cmTC_56e57.dir/build
make[5]: Entering directory '/home/lede-build/source/build_dir/target-mips_24kc_musl-1.1.16/firewall-2017-05-27-a4d98aea/CMakeFiles/CMakeTmp'
Building C object CMakeFiles/cmTC_56e57.dir/CMakeCCompilerABI.c.o
/home/lede-build/source/staging_dir/toolchain-mips_24kc_gcc-5.4.0_musl-1.1.16/bin/mips-openwrt-linux-musl-gcc    -Os -pipe -mno-branch-likely -mips32r2 -mtune=24kc -fno-caller-saves -fno-plt -fhonour-copts -Wno-error=unused-but-set-variable -Wno-error=unused-result -msoft-float -mips16 -minterlink-mips16 -iremap /home/lede-build/source/build_dir/target-mips_24kc_musl-1.1.16/firewall-2017-05-27-a4d98aea:firewall-2017-05-27-a4d98aea -Wformat -Werror=format-security -fstack-protector -D_FORTIFY_SOURCE=1 -Wl,-z,now -Wl,-z,relro -ffunction-sections -fdata-sections    -o CMakeFiles/cmTC_56e57.dir/CMakeCCompilerABI.c.o   -c /home/lede-build/source/staging_dir/host/share/cmake-3.7/Modules/CMakeCCompilerABI.c
Linking C executable cmTC_56e57
/home/lede-build/source/staging_dir/host/bin/cmake -E cmake_link_script CMakeFiles/cmTC_56e57.dir/link.txt --verbose=1
/home/lede-build/source/staging_dir/toolchain-mips_24kc_gcc-5.4.0_musl-1.1.16/bin/mips-openwrt-linux-musl-gcc  -Os -pipe -mno-branch-likely -mips32r2 -mtune=24kc -fno-caller-saves -fno-plt -fhonour-copts -Wno-error=unused-but-set-variable -Wno-error=unused-result -msoft-float -mips16 -minterlink-mips16 -iremap /home/lede-build/source/build_dir/target-mips_24kc_musl-1.1.16/firewall-2017-05-27-a4d98aea:firewall-2017-05-27-a4d98aea -Wformat -Werror=format-security -fstack-protector -D_FORTIFY_SOURCE=1 -Wl,-z,now -Wl,-z,relro -ffunction-sections -fdata-sections   -L/home/lede-build/source/staging_dir/target-mips_24kc_musl-1.1.16/usr/lib -L/home/lede-build/source/staging_dir/target-mips_24kc_musl-1.1.16/lib -L/home/lede-build/source/staging_dir/toolchain-mips_24kc_gcc-5.4.0_musl-1.1.16/usr/lib -L/home/lede-build/source/staging_dir/toolchain-mips_24kc_gcc-5.4.0_musl-1.1.16/lib -znow -zrelro -Wl,--gc-sections -v CMakeFiles/cmTC_56e57.dir/CMakeCCompilerABI.c.o  -o cmTC_56e57 -rdynamic  
Reading specs from /home/lede-build/source/staging_dir/toolchain-mips_24kc_gcc-5.4.0_musl-1.1.16/lib/gcc/mips-openwrt-linux-musl/5.4.0/specs
COLLECT_GCC=/home/lede-build/source/staging_dir/toolchain-mips_24kc_gcc-5.4.0_musl-1.1.16/bin/mips-openwrt-linux-musl-gcc
COLLECT_LTO_WRAPPER=/home/lede-build/source/staging_dir/toolchain-mips_24kc_gcc-5.4.0_musl-1.1.16/libexec/gcc/mips-openwrt-linux-musl/5.4.0/lto-wrapper
Target: mips-openwrt-linux-musl
Configured with: /home/lede-build/source/build_dir/toolchain-mips_24kc_gcc-5.4.0_musl-1.1.16/gcc-5.4.0/configure --with-bugurl=http://www.lede-project.org/bugs/ --with-pkgversion='LEDE GCC 5.4.0 r3435-65eec8bd5f' --prefix=/home/lede-build/source/staging_dir/toolchain-mips_24kc_gcc-5.4.0_musl-1.1.16 --build=x86_64-linux-gnu --host=x86_64-linux-gnu --target=mips-openwrt-linux-musl --with-gnu-ld --enable-target-optspace --disable-libgomp --disable-libmudflap --disable-multilib --disable-libmpx --disable-nls --without-isl --without-cloog --with-host-libstdcxx=-lstdc++ --with-float=soft --with-gmp=/home/lede-build/source/staging_dir/host --with-mpfr=/home/lede-build/source/staging_dir/host --with-mpc=/home/lede-build/source/staging_dir/host --disable-decimal-float --with-mips-plt --with-diagnostics-color=auto-if-env --disable-libssp --enable-__cxa_atexit --with-headers=/home/lede-build/source/staging_dir/toolchain-mips_24kc_gcc-5.4.0_musl-1.1.16/include --disable-libsanitizer --enable-languages=c,c++ --enable-shared --enable-threads --with-slibdir=/home/lede-build/source/staging_dir/toolchain-mips_24kc_gcc-5.4.0_musl-1.1.16/lib --enable-lto --with-libelf=/home/lede-build/source/staging_dir/host
Thread model: posix
gcc version 5.4.0 (LEDE GCC 5.4.0 r3435-65eec8bd5f) 
COMPILER_PATH=/home/lede-build/source/staging_dir/toolchain-mips_24kc_gcc-5.4.0_musl-1.1.16/libexec/gcc/mips-openwrt-linux-musl/5.4.0/:/home/lede-build/source/staging_dir/toolchain-mips_24kc_gcc-5.4.0_musl-1.1.16/libexec/gcc/mips-openwrt-linux-musl/5.4.0/:/home/lede-build/source/staging_dir/toolchain-mips_24kc_gcc-5.4.0_musl-1.1.16/libexec/gcc/mips-openwrt-linux-musl/:/home/lede-build/source/staging_dir/toolchain-mips_24kc_gcc-5.4.0_musl-1.1.16/lib/gcc/mips-openwrt-linux-musl/5.4.0/:/home/lede-build/source/staging_dir/toolchain-mips_24kc_gcc-5.4.0_musl-1.1.16/lib/gcc/mips-openwrt-linux-musl/:/home/lede-build/source/staging_dir/toolchain-mips_24kc_gcc-5.4.0_musl-1.1.16/lib/gcc/mips-openwrt-linux-musl/5.4.0/../../../../mips-openwrt-linux-musl/bin/
LIBRARY_PATH=/home/lede-build/source/staging_dir/toolchain-mips_24kc_gcc-5.4.0_musl-1.1.16/lib/gcc/mips-openwrt-linux-musl/5.4.0/:/home/lede-build/source/staging_dir/toolchain-mips_24kc_gcc-5.4.0_musl-1.1.16/lib/gcc/mips-openwrt-linux-musl/5.4.0/../../../../mips-openwrt-linux-musl/lib/
COLLECT_GCC_OPTIONS='-Os' '-pipe' '-mno-branch-likely' '-mips32r2' '-mtune=24kc' '-fno-caller-saves' '-fno-plt' '-fhonour-copts' '-Wno-error=unused-but-set-variable' '-Wno-error=unused-result' '-msoft-float' '-mips16' '-minterlink-mips16' '-iremap' '/home/lede-build/source/build_dir/target-mips_24kc_musl-1.1.16/firewall-2017-05-27-a4d98aea:firewall-2017-05-27-a4d98aea' '-Wformat=1' '-Werror=format-security' '-fstack-protector' '-D' '_FORTIFY_SOURCE=1' '-ffunction-sections' '-fdata-sections' '-L/home/lede-build/source/staging_dir/target-mips_24kc_musl-1.1.16/usr/lib' '-L/home/lede-build/source/staging_dir/target-mips_24kc_musl-1.1.16/lib' '-L/home/lede-build/source/staging_dir/toolchain-mips_24kc_gcc-5.4.0_musl-1.1.16/usr/lib' '-L/home/lede-build/source/staging_dir/toolchain-mips_24kc_gcc-5.4.0_musl-1.1.16/lib' '-z' 'now' '-z' 'relro' '-v' '-o' 'cmTC_56e57' '-rdynamic' '-mllsc' '-mplt' '-mno-shared' '-EB' '-mabi=32'
 /home/lede-build/source/staging_dir/toolchain-mips_24kc_gcc-5.4.0_musl-1.1.16/libexec/gcc/mips-openwrt-linux-musl/5.4.0/collect2 -plugin /home/lede-build/source/staging_dir/toolchain-mips_24kc_gcc-5.4.0_musl-1.1.16/libexec/gcc/mips-openwrt-linux-musl/5.4.0/liblto_plugin.so -plugin-opt=/home/lede-build/source/staging_dir/toolchain-mips_24kc_gcc-5.4.0_musl-1.1.16/libexec/gcc/mips-openwrt-linux-musl/5.4.0/lto-wrapper -plugin-opt=-fresolution=/tmp/cc6DUChJ.res -plugin-opt=-pass-through=-lgcc_s -plugin-opt=-pass-through=-lc -plugin-opt=-pass-through=-lgcc_s --eh-frame-hdr -EB -mips32r2 -mips16 -export-dynamic -dynamic-linker /lib/ld-musl-mips-sf.so.1 -melf32btsmip -o cmTC_56e57 -z now -z relro /home/lede-build/source/staging_dir/toolchain-mips_24kc_gcc-5.4.0_musl-1.1.16/lib/gcc/mips-openwrt-linux-musl/5.4.0/../../../../mips-openwrt-linux-musl/lib/crt1.o /home/lede-build/source/staging_dir/toolchain-mips_24kc_gcc-5.4.0_musl-1.1.16/lib/gcc/mips-openwrt-linux-musl/5.4.0/../../../../mips-openwrt-linux-musl/lib/crti.o /home/lede-build/source/staging_dir/toolchain-mips_24kc_gcc-5.4.0_musl-1.1.16/lib/gcc/mips-openwrt-linux-musl/5.4.0/crtbegin.o -L/home/lede-build/source/staging_dir/target-mips_24kc_musl-1.1.16/usr/lib -L/home/lede-build/source/staging_dir/target-mips_24kc_musl-1.1.16/lib -L/home/lede-build/source/staging_dir/toolchain-mips_24kc_gcc-5.4.0_musl-1.1.16/usr/lib -L/home/lede-build/source/staging_dir/toolchain-mips_24kc_gcc-5.4.0_musl-1.1.16/lib -L /home/lede-build/source/staging_dir/target-mips_24kc_musl-1.1.16/usr/lib -rpath-link /home/lede-build/source/staging_dir/target-mips_24kc_musl-1.1.16/usr/lib -L/home/lede-build/source/staging_dir/toolchain-mips_24kc_gcc-5.4.0_musl-1.1.16/lib/gcc/mips-openwrt-linux-musl/5.4.0 -L/home/lede-build/source/staging_dir/toolchain-mips_24kc_gcc-5.4.0_musl-1.1.16/lib/gcc/mips-openwrt-linux-musl/5.4.0/../../../../mips-openwrt-linux-musl/lib -z now -z relro --gc-sections CMakeFiles/cmTC_56e57.dir/CMakeCCompilerABI.c.o -lssp_nonshared -lgcc_s -lc -lgcc_s /home/lede-build/source/staging_dir/toolchain-mips_24kc_gcc-5.4.0_musl-1.1.16/lib/gcc/mips-openwrt-linux-musl/5.4.0/crtend.o /home/lede-build/source/staging_dir/toolchain-mips_24kc_gcc-5.4.0_musl-1.1.16/lib/gcc/mips-openwrt-linux-musl/5.4.0/../../../../mips-openwrt-linux-musl/lib/crtn.o
make[5]: Leaving directory '/home/lede-build/source/build_dir/target-mips_24kc_musl-1.1.16/firewall-2017-05-27-a4d98aea/CMakeFiles/CMakeTmp'
make[4]: Leaving directory '/home/lede-build/source/build_dir/target-mips_24kc_musl-1.1.16/firewall-2017-05-27-a4d98aea/CMakeFiles/CMakeTmp'


Parsed C implicit link information from above output:
  link line regex: [^( *|.*[/\])(mips-openwrt-linux-musl-ld|([^/\]+-)?ld|collect2)[^/\]*( |$)]
  ignore line: [Change Dir: /home/lede-build/source/build_dir/target-mips_24kc_musl-1.1.16/firewall-2017-05-27-a4d98aea/CMakeFiles/CMakeTmp]
  ignore line: []
  ignore line: [Run Build Command:"/usr/bin/make" "cmTC_56e57/fast"]
  ignore line: [make[4]: Entering directory '/home/lede-build/source/build_dir/target-mips_24kc_musl-1.1.16/firewall-2017-05-27-a4d98aea/CMakeFiles/CMakeTmp']
  ignore line: [/usr/bin/make -f CMakeFiles/cmTC_56e57.dir/build.make CMakeFiles/cmTC_56e57.dir/build]
  ignore line: [make[5]: Entering directory '/home/lede-build/source/build_dir/target-mips_24kc_musl-1.1.16/firewall-2017-05-27-a4d98aea/CMakeFiles/CMakeTmp']
  ignore line: [Building C object CMakeFiles/cmTC_56e57.dir/CMakeCCompilerABI.c.o]
  ignore line: [/home/lede-build/source/staging_dir/toolchain-mips_24kc_gcc-5.4.0_musl-1.1.16/bin/mips-openwrt-linux-musl-gcc    -Os -pipe -mno-branch-likely -mips32r2 -mtune=24kc -fno-caller-saves -fno-plt -fhonour-copts -Wno-error=unused-but-set-variable -Wno-error=unused-result -msoft-float -mips16 -minterlink-mips16 -iremap /home/lede-build/source/build_dir/target-mips_24kc_musl-1.1.16/firewall-2017-05-27-a4d98aea:firewall-2017-05-27-a4d98aea -Wformat -Werror=format-security -fstack-protector -D_FORTIFY_SOURCE=1 -Wl,-z,now -Wl,-z,relro -ffunction-sections -fdata-sections    -o CMakeFiles/cmTC_56e57.dir/CMakeCCompilerABI.c.o   -c /home/lede-build/source/staging_dir/host/share/cmake-3.7/Modules/CMakeCCompilerABI.c]
  ignore line: [Linking C executable cmTC_56e57]
  ignore line: [/home/lede-build/source/staging_dir/host/bin/cmake -E cmake_link_script CMakeFiles/cmTC_56e57.dir/link.txt --verbose=1]
  ignore line: [/home/lede-build/source/staging_dir/toolchain-mips_24kc_gcc-5.4.0_musl-1.1.16/bin/mips-openwrt-linux-musl-gcc  -Os -pipe -mno-branch-likely -mips32r2 -mtune=24kc -fno-caller-saves -fno-plt -fhonour-copts -Wno-error=unused-but-set-variable -Wno-error=unused-result -msoft-float -mips16 -minterlink-mips16 -iremap /home/lede-build/source/build_dir/target-mips_24kc_musl-1.1.16/firewall-2017-05-27-a4d98aea:firewall-2017-05-27-a4d98aea -Wformat -Werror=format-security -fstack-protector -D_FORTIFY_SOURCE=1 -Wl,-z,now -Wl,-z,relro -ffunction-sections -fdata-sections   -L/home/lede-build/source/staging_dir/target-mips_24kc_musl-1.1.16/usr/lib -L/home/lede-build/source/staging_dir/target-mips_24kc_musl-1.1.16/lib -L/home/lede-build/source/staging_dir/toolchain-mips_24kc_gcc-5.4.0_musl-1.1.16/usr/lib -L/home/lede-build/source/staging_dir/toolchain-mips_24kc_gcc-5.4.0_musl-1.1.16/lib -znow -zrelro -Wl,--gc-sections -v CMakeFiles/cmTC_56e57.dir/CMakeCCompilerABI.c.o  -o cmTC_56e57 -rdynamic  ]
  ignore line: [Reading specs from /home/lede-build/source/staging_dir/toolchain-mips_24kc_gcc-5.4.0_musl-1.1.16/lib/gcc/mips-openwrt-linux-musl/5.4.0/specs]
  ignore line: [COLLECT_GCC=/home/lede-build/source/staging_dir/toolchain-mips_24kc_gcc-5.4.0_musl-1.1.16/bin/mips-openwrt-linux-musl-gcc]
  ignore line: [COLLECT_LTO_WRAPPER=/home/lede-build/source/staging_dir/toolchain-mips_24kc_gcc-5.4.0_musl-1.1.16/libexec/gcc/mips-openwrt-linux-musl/5.4.0/lto-wrapper]
  ignore line: [Target: mips-openwrt-linux-musl]
  ignore line: [Configured with: /home/lede-build/source/build_dir/toolchain-mips_24kc_gcc-5.4.0_musl-1.1.16/gcc-5.4.0/configure --with-bugurl=http://www.lede-project.org/bugs/ --with-pkgversion='LEDE GCC 5.4.0 r3435-65eec8bd5f' --prefix=/home/lede-build/source/staging_dir/toolchain-mips_24kc_gcc-5.4.0_musl-1.1.16 --build=x86_64-linux-gnu --host=x86_64-linux-gnu --target=mips-openwrt-linux-musl --with-gnu-ld --enable-target-optspace --disable-libgomp --disable-libmudflap --disable-multilib --disable-libmpx --disable-nls --without-isl --without-cloog --with-host-libstdcxx=-lstdc++ --with-float=soft --with-gmp=/home/lede-build/source/staging_dir/host --with-mpfr=/home/lede-build/source/staging_dir/host --with-mpc=/home/lede-build/source/staging_dir/host --disable-decimal-float --with-mips-plt --with-diagnostics-color=auto-if-env --disable-libssp --enable-__cxa_atexit --with-headers=/home/lede-build/source/staging_dir/toolchain-mips_24kc_gcc-5.4.0_musl-1.1.16/include --disable-libsanitizer --enable-languages=c,c++ --enable-shared --enable-threads --with-slibdir=/home/lede-build/source/staging_dir/toolchain-mips_24kc_gcc-5.4.0_musl-1.1.16/lib --enable-lto --with-libelf=/home/lede-build/source/staging_dir/host]
  ignore line: [Thread model: posix]
  ignore line: [gcc version 5.4.0 (LEDE GCC 5.4.0 r3435-65eec8bd5f) ]
  ignore line: [COMPILER_PATH=/home/lede-build/source/staging_dir/toolchain-mips_24kc_gcc-5.4.0_musl-1.1.16/libexec/gcc/mips-openwrt-linux-musl/5.4.0/:/home/lede-build/source/staging_dir/toolchain-mips_24kc_gcc-5.4.0_musl-1.1.16/libexec/gcc/mips-openwrt-linux-musl/5.4.0/:/home/lede-build/source/staging_dir/toolchain-mips_24kc_gcc-5.4.0_musl-1.1.16/libexec/gcc/mips-openwrt-linux-musl/:/home/lede-build/source/staging_dir/toolchain-mips_24kc_gcc-5.4.0_musl-1.1.16/lib/gcc/mips-openwrt-linux-musl/5.4.0/:/home/lede-build/source/staging_dir/toolchain-mips_24kc_gcc-5.4.0_musl-1.1.16/lib/gcc/mips-openwrt-linux-musl/:/home/lede-build/source/staging_dir/toolchain-mips_24kc_gcc-5.4.0_musl-1.1.16/lib/gcc/mips-openwrt-linux-musl/5.4.0/../../../../mips-openwrt-linux-musl/bin/]
  ignore line: [LIBRARY_PATH=/home/lede-build/source/staging_dir/toolchain-mips_24kc_gcc-5.4.0_musl-1.1.16/lib/gcc/mips-openwrt-linux-musl/5.4.0/:/home/lede-build/source/staging_dir/toolchain-mips_24kc_gcc-5.4.0_musl-1.1.16/lib/gcc/mips-openwrt-linux-musl/5.4.0/../../../../mips-openwrt-linux-musl/lib/]
  ignore line: [COLLECT_GCC_OPTIONS='-Os' '-pipe' '-mno-branch-likely' '-mips32r2' '-mtune=24kc' '-fno-caller-saves' '-fno-plt' '-fhonour-copts' '-Wno-error=unused-but-set-variable' '-Wno-error=unused-result' '-msoft-float' '-mips16' '-minterlink-mips16' '-iremap' '/home/lede-build/source/build_dir/target-mips_24kc_musl-1.1.16/firewall-2017-05-27-a4d98aea:firewall-2017-05-27-a4d98aea' '-Wformat=1' '-Werror=format-security' '-fstack-protector' '-D' '_FORTIFY_SOURCE=1' '-ffunction-sections' '-fdata-sections' '-L/home/lede-build/source/staging_dir/target-mips_24kc_musl-1.1.16/usr/lib' '-L/home/lede-build/source/staging_dir/target-mips_24kc_musl-1.1.16/lib' '-L/home/lede-build/source/staging_dir/toolchain-mips_24kc_gcc-5.4.0_musl-1.1.16/usr/lib' '-L/home/lede-build/source/staging_dir/toolchain-mips_24kc_gcc-5.4.0_musl-1.1.16/lib' '-z' 'now' '-z' 'relro' '-v' '-o' 'cmTC_56e57' '-rdynamic' '-mllsc' '-mplt' '-mno-shared' '-EB' '-mabi=32']
  link line: [ /home/lede-build/source/staging_dir/toolchain-mips_24kc_gcc-5.4.0_musl-1.1.16/libexec/gcc/mips-openwrt-linux-musl/5.4.0/collect2 -plugin /home/lede-build/source/staging_dir/toolchain-mips_24kc_gcc-5.4.0_musl-1.1.16/libexec/gcc/mips-openwrt-linux-musl/5.4.0/liblto_plugin.so -plugin-opt=/home/lede-build/source/staging_dir/toolchain-mips_24kc_gcc-5.4.0_musl-1.1.16/libexec/gcc/mips-openwrt-linux-musl/5.4.0/lto-wrapper -plugin-opt=-fresolution=/tmp/cc6DUChJ.res -plugin-opt=-pass-through=-lgcc_s -plugin-opt=-pass-through=-lc -plugin-opt=-pass-through=-lgcc_s --eh-frame-hdr -EB -mips32r2 -mips16 -export-dynamic -dynamic-linker /lib/ld-musl-mips-sf.so.1 -melf32btsmip -o cmTC_56e57 -z now -z relro /home/lede-build/source/staging_dir/toolchain-mips_24kc_gcc-5.4.0_musl-1.1.16/lib/gcc/mips-openwrt-linux-musl/5.4.0/../../../../mips-openwrt-linux-musl/lib/crt1.o /home/lede-build/source/staging_dir/toolchain-mips_24kc_gcc-5.4.0_musl-1.1.16/lib/gcc/mips-openwrt-linux-musl/5.4.0/../../../../mips-openwrt-linux-musl/lib/crti.o /home/lede-build/source/staging_dir/toolchain-mips_24kc_gcc-5.4.0_musl-1.1.16/lib/gcc/mips-openwrt-linux-musl/5.4.0/crtbegin.o -L/home/lede-build/source/staging_dir/target-mips_24kc_musl-1.1.16/usr/lib -L/home/lede-build/source/staging_dir/target-mips_24kc_musl-1.1.16/lib -L/home/lede-build/source/staging_dir/toolchain-mips_24kc_gcc-5.4.0_musl-1.1.16/usr/lib -L/home/lede-build/source/staging_dir/toolchain-mips_24kc_gcc-5.4.0_musl-1.1.16/lib -L /home/lede-build/source/staging_dir/target-mips_24kc_musl-1.1.16/usr/lib -rpath-link /home/lede-build/source/staging_dir/target-mips_24kc_musl-1.1.16/usr/lib -L/home/lede-build/source/staging_dir/toolchain-mips_24kc_gcc-5.4.0_musl-1.1.16/lib/gcc/mips-openwrt-linux-musl/5.4.0 -L/home/lede-build/source/staging_dir/toolchain-mips_24kc_gcc-5.4.0_musl-1.1.16/lib/gcc/mips-openwrt-linux-musl/5.4.0/../../../../mips-openwrt-linux-musl/lib -z now -z relro --gc-sections CMakeFiles/cmTC_56e57.dir/CMakeCCompilerABI.c.o -lssp_nonshared -lgcc_s -lc -lgcc_s /home/lede-build/source/staging_dir/toolchain-mips_24kc_gcc-5.4.0_musl-1.1.16/lib/gcc/mips-openwrt-linux-musl/5.4.0/crtend.o /home/lede-build/source/staging_dir/toolchain-mips_24kc_gcc-5.4.0_musl-1.1.16/lib/gcc/mips-openwrt-linux-musl/5.4.0/../../../../mips-openwrt-linux-musl/lib/crtn.o]
    arg [/home/lede-build/source/staging_dir/toolchain-mips_24kc_gcc-5.4.0_musl-1.1.16/libexec/gcc/mips-openwrt-linux-musl/5.4.0/collect2] ==> ignore
    arg [-plugin] ==> ignore
    arg [/home/lede-build/source/staging_dir/toolchain-mips_24kc_gcc-5.4.0_musl-1.1.16/libexec/gcc/mips-openwrt-linux-musl/5.4.0/liblto_plugin.so] ==> ignore
    arg [-plugin-opt=/home/lede-build/source/staging_dir/toolchain-mips_24kc_gcc-5.4.0_musl-1.1.16/libexec/gcc/mips-openwrt-linux-musl/5.4.0/lto-wrapper] ==> ignore
    arg [-plugin-opt=-fresolution=/tmp/cc6DUChJ.res] ==> ignore
    arg [-plugin-opt=-pass-through=-lgcc_s] ==> ignore
    arg [-plugin-opt=-pass-through=-lc] ==> ignore
    arg [-plugin-opt=-pass-through=-lgcc_s] ==> ignore
    arg [--eh-frame-hdr] ==> ignore
    arg [-EB] ==> ignore
    arg [-mips32r2] ==> ignore
    arg [-mips16] ==> ignore
    arg [-export-dynamic] ==> ignore
    arg [-dynamic-linker] ==> ignore
    arg [/lib/ld-musl-mips-sf.so.1] ==> ignore
    arg [-melf32btsmip] ==> ignore
    arg [-o] ==> ignore
    arg [cmTC_56e57] ==> ignore
    arg [-znow] ==> ignore
    arg [-zrelro] ==> ignore
    arg [/home/lede-build/source/staging_dir/toolchain-mips_24kc_gcc-5.4.0_musl-1.1.16/lib/gcc/mips-openwrt-linux-musl/5.4.0/../../../../mips-openwrt-linux-musl/lib/crt1.o] ==> ignore
    arg [/home/lede-build/source/staging_dir/toolchain-mips_24kc_gcc-5.4.0_musl-1.1.16/lib/gcc/mips-openwrt-linux-musl/5.4.0/../../../../mips-openwrt-linux-musl/lib/crti.o] ==> ignore
    arg [/home/lede-build/source/staging_dir/toolchain-mips_24kc_gcc-5.4.0_musl-1.1.16/lib/gcc/mips-openwrt-linux-musl/5.4.0/crtbegin.o] ==> ignore
    arg [-L/home/lede-build/source/staging_dir/target-mips_24kc_musl-1.1.16/usr/lib] ==> dir [/home/lede-build/source/staging_dir/target-mips_24kc_musl-1.1.16/usr/lib]
    arg [-L/home/lede-build/source/staging_dir/target-mips_24kc_musl-1.1.16/lib] ==> dir [/home/lede-build/source/staging_dir/target-mips_24kc_musl-1.1.16/lib]
    arg [-L/home/lede-build/source/staging_dir/toolchain-mips_24kc_gcc-5.4.0_musl-1.1.16/usr/lib] ==> dir [/home/lede-build/source/staging_dir/toolchain-mips_24kc_gcc-5.4.0_musl-1.1.16/usr/lib]
    arg [-L/home/lede-build/source/staging_dir/toolchain-mips_24kc_gcc-5.4.0_musl-1.1.16/lib] ==> dir [/home/lede-build/source/staging_dir/toolchain-mips_24kc_gcc-5.4.0_musl-1.1.16/lib]
    arg [-L/home/lede-build/source/staging_dir/target-mips_24kc_musl-1.1.16/usr/lib] ==> dir [/home/lede-build/source/staging_dir/target-mips_24kc_musl-1.1.16/usr/lib]
    arg [-rpath-link] ==> ignore
    arg [/home/lede-build/source/staging_dir/target-mips_24kc_musl-1.1.16/usr/lib] ==> ignore
    arg [-L/home/lede-build/source/staging_dir/toolchain-mips_24kc_gcc-5.4.0_musl-1.1.16/lib/gcc/mips-openwrt-linux-musl/5.4.0] ==> dir [/home/lede-build/source/staging_dir/toolchain-mips_24kc_gcc-5.4.0_musl-1.1.16/lib/gcc/mips-openwrt-linux-musl/5.4.0]
    arg [-L/home/lede-build/source/staging_dir/toolchain-mips_24kc_gcc-5.4.0_musl-1.1.16/lib/gcc/mips-openwrt-linux-musl/5.4.0/../../../../mips-openwrt-linux-musl/lib] ==> dir [/home/lede-build/source/staging_dir/toolchain-mips_24kc_gcc-5.4.0_musl-1.1.16/lib/gcc/mips-openwrt-linux-musl/5.4.0/../../../../mips-openwrt-linux-musl/lib]
    arg [-znow] ==> ignore
    arg [-zrelro] ==> ignore
    arg [--gc-sections] ==> ignore
    arg [CMakeFiles/cmTC_56e57.dir/CMakeCCompilerABI.c.o] ==> ignore
    arg [-lssp_nonshared] ==> lib [ssp_nonshared]
    arg [-lgcc_s] ==> lib [gcc_s]
    arg [-lc] ==> lib [c]
    arg [-lgcc_s] ==> lib [gcc_s]
    arg [/home/lede-build/source/staging_dir/toolchain-mips_24kc_gcc-5.4.0_musl-1.1.16/lib/gcc/mips-openwrt-linux-musl/5.4.0/crtend.o] ==> ignore
    arg [/home/lede-build/source/staging_dir/toolchain-mips_24kc_gcc-5.4.0_musl-1.1.16/lib/gcc/mips-openwrt-linux-musl/5.4.0/../../../../mips-openwrt-linux-musl/lib/crtn.o] ==> ignore
  remove lib [gcc_s]
  remove lib [gcc_s]
  collapse library dir [/home/lede-build/source/staging_dir/target-mips_24kc_musl-1.1.16/usr/lib] ==> [/home/lede-build/source/staging_dir/target-mips_24kc_musl-1.1.16/usr/lib]
  collapse library dir [/home/lede-build/source/staging_dir/target-mips_24kc_musl-1.1.16/lib] ==> [/home/lede-build/source/staging_dir/target-mips_24kc_musl-1.1.16/lib]
  collapse library dir [/home/lede-build/source/staging_dir/toolchain-mips_24kc_gcc-5.4.0_musl-1.1.16/usr/lib] ==> [/home/lede-build/source/staging_dir/toolchain-mips_24kc_gcc-5.4.0_musl-1.1.16/usr/lib]
  collapse library dir [/home/lede-build/source/staging_dir/toolchain-mips_24kc_gcc-5.4.0_musl-1.1.16/lib] ==> [/home/lede-build/source/staging_dir/toolchain-mips_24kc_gcc-5.4.0_musl-1.1.16/lib]
  collapse library dir [/home/lede-build/source/staging_dir/target-mips_24kc_musl-1.1.16/usr/lib] ==> [/home/lede-build/source/staging_dir/target-mips_24kc_musl-1.1.16/usr/lib]
  collapse library dir [/home/lede-build/source/staging_dir/toolchain-mips_24kc_gcc-5.4.0_musl-1.1.16/lib/gcc/mips-openwrt-linux-musl/5.4.0] ==> [/home/lede-build/source/staging_dir/toolchain-mips_24kc_gcc-5.4.0_musl-1.1.16/lib/gcc/mips-openwrt-linux-musl/5.4.0]
  collapse library dir [/home/lede-build/source/staging_dir/toolchain-mips_24kc_gcc-5.4.0_musl-1.1.16/lib/gcc/mips-openwrt-linux-musl/5.4.0/../../../../mips-openwrt-linux-musl/lib] ==> [/home/lede-build/source/staging_dir/toolchain-mips_24kc_gcc-5.4.0_musl-1.1.16/mips-openwrt-linux-musl/lib]
  implicit libs: [ssp_nonshared;c]
  implicit dirs: [/home/lede-build/source/staging_dir/target-mips_24kc_musl-1.1.16/usr/lib;/home/lede-build/source/staging_dir/target-mips_24kc_musl-1.1.16/lib;/home/lede-build/source/staging_dir/toolchain-mips_24kc_gcc-5.4.0_musl-1.1.16/usr/lib;/home/lede-build/source/staging_dir/toolchain-mips_24kc_gcc-5.4.0_musl-1.1.16/lib;/home/lede-build/source/staging_dir/toolchain-mips_24kc_gcc-5.4.0_musl-1.1.16/lib/gcc/mips-openwrt-linux-musl/5.4.0;/home/lede-build/source/staging_dir/toolchain-mips_24kc_gcc-5.4.0_musl-1.1.16/mips-openwrt-linux-musl/lib]
  implicit fwks: []




Detecting C [-std=c11] compiler features compiled with the following output:
Change Dir: /home/lede-build/source/build_dir/target-mips_24kc_musl-1.1.16/firewall-2017-05-27-a4d98aea/CMakeFiles/CMakeTmp

Run Build Command:"/usr/bin/make" "cmTC_d1cf0/fast"
make[4]: Entering directory '/home/lede-build/source/build_dir/target-mips_24kc_musl-1.1.16/firewall-2017-05-27-a4d98aea/CMakeFiles/CMakeTmp'
/usr/bin/make -f CMakeFiles/cmTC_d1cf0.dir/build.make CMakeFiles/cmTC_d1cf0.dir/build
make[5]: Entering directory '/home/lede-build/source/build_dir/target-mips_24kc_musl-1.1.16/firewall-2017-05-27-a4d98aea/CMakeFiles/CMakeTmp'
Building C object CMakeFiles/cmTC_d1cf0.dir/feature_tests.c.o
/home/lede-build/source/staging_dir/toolchain-mips_24kc_gcc-5.4.0_musl-1.1.16/bin/mips-openwrt-linux-musl-gcc    -Os -pipe -mno-branch-likely -mips32r2 -mtune=24kc -fno-caller-saves -fno-plt -fhonour-copts -Wno-error=unused-but-set-variable -Wno-error=unused-result -msoft-float -mips16 -minterlink-mips16 -iremap /home/lede-build/source/build_dir/target-mips_24kc_musl-1.1.16/firewall-2017-05-27-a4d98aea:firewall-2017-05-27-a4d98aea -Wformat -Werror=format-security -fstack-protector -D_FORTIFY_SOURCE=1 -Wl,-z,now -Wl,-z,relro -ffunction-sections -fdata-sections    -std=c11 -o CMakeFiles/cmTC_d1cf0.dir/feature_tests.c.o   -c /home/lede-build/source/build_dir/target-mips_24kc_musl-1.1.16/firewall-2017-05-27-a4d98aea/CMakeFiles/feature_tests.c
Linking C executable cmTC_d1cf0
/home/lede-build/source/staging_dir/host/bin/cmake -E cmake_link_script CMakeFiles/cmTC_d1cf0.dir/link.txt --verbose=1
/home/lede-build/source/staging_dir/toolchain-mips_24kc_gcc-5.4.0_musl-1.1.16/bin/mips-openwrt-linux-musl-gcc  -Os -pipe -mno-branch-likely -mips32r2 -mtune=24kc -fno-caller-saves -fno-plt -fhonour-copts -Wno-error=unused-but-set-variable -Wno-error=unused-result -msoft-float -mips16 -minterlink-mips16 -iremap /home/lede-build/source/build_dir/target-mips_24kc_musl-1.1.16/firewall-2017-05-27-a4d98aea:firewall-2017-05-27-a4d98aea -Wformat -Werror=format-security -fstack-protector -D_FORTIFY_SOURCE=1 -Wl,-z,now -Wl,-z,relro -ffunction-sections -fdata-sections   -L/home/lede-build/source/staging_dir/target-mips_24kc_musl-1.1.16/usr/lib -L/home/lede-build/source/staging_dir/target-mips_24kc_musl-1.1.16/lib -L/home/lede-build/source/staging_dir/toolchain-mips_24kc_gcc-5.4.0_musl-1.1.16/usr/lib -L/home/lede-build/source/staging_dir/toolchain-mips_24kc_gcc-5.4.0_musl-1.1.16/lib -znow -zrelro -Wl,--gc-sections  CMakeFiles/cmTC_d1cf0.dir/feature_tests.c.o  -o cmTC_d1cf0 -rdynamic 
make[5]: Leaving directory '/home/lede-build/source/build_dir/target-mips_24kc_musl-1.1.16/firewall-2017-05-27-a4d98aea/CMakeFiles/CMakeTmp'
make[4]: Leaving directory '/home/lede-build/source/build_dir/target-mips_24kc_musl-1.1.16/firewall-2017-05-27-a4d98aea/CMakeFiles/CMakeTmp'


    Feature record: C_FEATURE:1c_function_prototypes
    Feature record: C_FEATURE:1c_restrict
    Feature record: C_FEATURE:1c_static_assert
    Feature record: C_FEATURE:1c_variadic_macros


Detecting C [-std=c99] compiler features compiled with the following output:
Change Dir: /home/lede-build/source/build_dir/target-mips_24kc_musl-1.1.16/firewall-2017-05-27-a4d98aea/CMakeFiles/CMakeTmp

Run Build Command:"/usr/bin/make" "cmTC_12087/fast"
make[4]: Entering directory '/home/lede-build/source/build_dir/target-mips_24kc_musl-1.1.16/firewall-2017-05-27-a4d98aea/CMakeFiles/CMakeTmp'
/usr/bin/make -f CMakeFiles/cmTC_12087.dir/build.make CMakeFiles/cmTC_12087.dir/build
make[5]: Entering directory '/home/lede-build/source/build_dir/target-mips_24kc_musl-1.1.16/firewall-2017-05-27-a4d98aea/CMakeFiles/CMakeTmp'
Building C object CMakeFiles/cmTC_12087.dir/feature_tests.c.o
/home/lede-build/source/staging_dir/toolchain-mips_24kc_gcc-5.4.0_musl-1.1.16/bin/mips-openwrt-linux-musl-gcc    -Os -pipe -mno-branch-likely -mips32r2 -mtune=24kc -fno-caller-saves -fno-plt -fhonour-copts -Wno-error=unused-but-set-variable -Wno-error=unused-result -msoft-float -mips16 -minterlink-mips16 -iremap /home/lede-build/source/build_dir/target-mips_24kc_musl-1.1.16/firewall-2017-05-27-a4d98aea:firewall-2017-05-27-a4d98aea -Wformat -Werror=format-security -fstack-protector -D_FORTIFY_SOURCE=1 -Wl,-z,now -Wl,-z,relro -ffunction-sections -fdata-sections    -std=c99 -o CMakeFiles/cmTC_12087.dir/feature_tests.c.o   -c /home/lede-build/source/build_dir/target-mips_24kc_musl-1.1.16/firewall-2017-05-27-a4d98aea/CMakeFiles/feature_tests.c
Linking C executable cmTC_12087
/home/lede-build/source/staging_dir/host/bin/cmake -E cmake_link_script CMakeFiles/cmTC_12087.dir/link.txt --verbose=1
/home/lede-build/source/staging_dir/toolchain-mips_24kc_gcc-5.4.0_musl-1.1.16/bin/mips-openwrt-linux-musl-gcc  -Os -pipe -mno-branch-likely -mips32r2 -mtune=24kc -fno-caller-saves -fno-plt -fhonour-copts -Wno-error=unused-but-set-variable -Wno-error=unused-result -msoft-float -mips16 -minterlink-mips16 -iremap /home/lede-build/source/build_dir/target-mips_24kc_musl-1.1.16/firewall-2017-05-27-a4d98aea:firewall-2017-05-27-a4d98aea -Wformat -Werror=format-security -fstack-protector -D_FORTIFY_SOURCE=1 -Wl,-z,now -Wl,-z,relro -ffunction-sections -fdata-sections   -L/home/lede-build/source/staging_dir/target-mips_24kc_musl-1.1.16/usr/lib -L/home/lede-build/source/staging_dir/target-mips_24kc_musl-1.1.16/lib -L/home/lede-build/source/staging_dir/toolchain-mips_24kc_gcc-5.4.0_musl-1.1.16/usr/lib -L/home/lede-build/source/staging_dir/toolchain-mips_24kc_gcc-5.4.0_musl-1.1.16/lib -znow -zrelro -Wl,--gc-sections  CMakeFiles/cmTC_12087.dir/feature_tests.c.o  -o cmTC_12087 -rdynamic 
make[5]: Leaving directory '/home/lede-build/source/build_dir/target-mips_24kc_musl-1.1.16/firewall-2017-05-27-a4d98aea/CMakeFiles/CMakeTmp'
make[4]: Leaving directory '/home/lede-build/source/build_dir/target-mips_24kc_musl-1.1.16/firewall-2017-05-27-a4d98aea/CMakeFiles/CMakeTmp'


    Feature record: C_FEATURE:1c_function_prototypes
    Feature record: C_FEATURE:1c_restrict
    Feature record: C_FEATURE:0c_static_assert
    Feature record: C_FEATURE:1c_variadic_macros


Detecting C [-std=c90] compiler features compiled with the following output:
Change Dir: /home/lede-build/source/build_dir/target-mips_24kc_musl-1.1.16/firewall-2017-05-27-a4d98aea/CMakeFiles/CMakeTmp

Run Build Command:"/usr/bin/make" "cmTC_bb606/fast"
make[4]: Entering directory '/home/lede-build/source/build_dir/target-mips_24kc_musl-1.1.16/firewall-2017-05-27-a4d98aea/CMakeFiles/CMakeTmp'
/usr/bin/make -f CMakeFiles/cmTC_bb606.dir/build.make CMakeFiles/cmTC_bb606.dir/build
make[5]: Entering directory '/home/lede-build/source/build_dir/target-mips_24kc_musl-1.1.16/firewall-2017-05-27-a4d98aea/CMakeFiles/CMakeTmp'
Building C object CMakeFiles/cmTC_bb606.dir/feature_tests.c.o
/home/lede-build/source/staging_dir/toolchain-mips_24kc_gcc-5.4.0_musl-1.1.16/bin/mips-openwrt-linux-musl-gcc    -Os -pipe -mno-branch-likely -mips32r2 -mtune=24kc -fno-caller-saves -fno-plt -fhonour-copts -Wno-error=unused-but-set-variable -Wno-error=unused-result -msoft-float -mips16 -minterlink-mips16 -iremap /home/lede-build/source/build_dir/target-mips_24kc_musl-1.1.16/firewall-2017-05-27-a4d98aea:firewall-2017-05-27-a4d98aea -Wformat -Werror=format-security -fstack-protector -D_FORTIFY_SOURCE=1 -Wl,-z,now -Wl,-z,relro -ffunction-sections -fdata-sections    -std=c90 -o CMakeFiles/cmTC_bb606.dir/feature_tests.c.o   -c /home/lede-build/source/build_dir/target-mips_24kc_musl-1.1.16/firewall-2017-05-27-a4d98aea/CMakeFiles/feature_tests.c
Linking C executable cmTC_bb606
/home/lede-build/source/staging_dir/host/bin/cmake -E cmake_link_script CMakeFiles/cmTC_bb606.dir/link.txt --verbose=1
/home/lede-build/source/staging_dir/toolchain-mips_24kc_gcc-5.4.0_musl-1.1.16/bin/mips-openwrt-linux-musl-gcc  -Os -pipe -mno-branch-likely -mips32r2 -mtune=24kc -fno-caller-saves -fno-plt -fhonour-copts -Wno-error=unused-but-set-variable -Wno-error=unused-result -msoft-float -mips16 -minterlink-mips16 -iremap /home/lede-build/source/build_dir/target-mips_24kc_musl-1.1.16/firewall-2017-05-27-a4d98aea:firewall-2017-05-27-a4d98aea -Wformat -Werror=format-security -fstack-protector -D_FORTIFY_SOURCE=1 -Wl,-z,now -Wl,-z,relro -ffunction-sections -fdata-sections   -L/home/lede-build/source/staging_dir/target-mips_24kc_musl-1.1.16/usr/lib -L/home/lede-build/source/staging_dir/target-mips_24kc_musl-1.1.16/lib -L/home/lede-build/source/staging_dir/toolchain-mips_24kc_gcc-5.4.0_musl-1.1.16/usr/lib -L/home/lede-build/source/staging_dir/toolchain-mips_24kc_gcc-5.4.0_musl-1.1.16/lib -znow -zrelro -Wl,--gc-sections  CMakeFiles/cmTC_bb606.dir/feature_tests.c.o  -o cmTC_bb606 -rdynamic 
make[5]: Leaving directory '/home/lede-build/source/build_dir/target-mips_24kc_musl-1.1.16/firewall-2017-05-27-a4d98aea/CMakeFiles/CMakeTmp'
make[4]: Leaving directory '/home/lede-build/source/build_dir/target-mips_24kc_musl-1.1.16/firewall-2017-05-27-a4d98aea/CMakeFiles/CMakeTmp'


    Feature record: C_FEATURE:1c_function_prototypes
    Feature record: C_FEATURE:0c_restrict
    Feature record: C_FEATURE:0c_static_assert
    Feature record: C_FEATURE:0c_variadic_macros
